Server started

Request for / received.
About to route a request for /
Getting file:/home/andreas/PGP-Chat/PGP-Chat-Server/chat/html/

Getting file:/home/andreas/PGP-Chat/PGP-Chat-Server/chat/html/index.html

Request for /js/jquery-1.7.1.min.js received.
About to route a request for /js/
Getting file:/home/andreas/PGP-Chat/PGP-Chat-Server/chat/js/jquery-1.7.1.min.js

Request for /js/packages.js received.
About to route a request for /js/
Getting file:/home/andreas/PGP-Chat/PGP-Chat-Server/chat/js/packages.js

Request for /js/binary.js received.
About to route a request for /js/
Getting file:/home/andreas/PGP-Chat/PGP-Chat-Server/chat/js/binary.js

Request for /js/isarray.js received.
About to route a request for /js/
Getting file:/home/andreas/PGP-Chat/PGP-Chat-Server/chat/js/isarray.js

Request for /js/elapse.js received.
About to route a request for /js/
Getting file:/home/andreas/PGP-Chat/PGP-Chat-Server/chat/js/elapse.js

Request for /js/SecureRandom.js received.
About to route a request for /js/
Getting file:/home/andreas/PGP-Chat/PGP-Chat-Server/chat/js/SecureRandom.js

Request for /js/RSA.init1.js received.
About to route a request for /js/
Getting file:/home/andreas/PGP-Chat/PGP-Chat-Server/chat/js/RSA.init1.js

Request for /js/BigInteger.init2.js received.
About to route a request for /js/
Getting file:/home/andreas/PGP-Chat/PGP-Chat-Server/chat/js/BigInteger.init2.js

Request for /js/BigInteger.init1.js received.
About to route a request for /js/
Getting file:/home/andreas/PGP-Chat/PGP-Chat-Server/chat/js/BigInteger.init1.js

Request for /js/RSA.init2.js received.
About to route a request for /js/
Getting file:/home/andreas/PGP-Chat/PGP-Chat-Server/chat/js/RSA.init2.js

Request for /js/BitPadding.js received.
About to route a request for /js/
Getting file:/home/andreas/PGP-Chat/PGP-Chat-Server/chat/js/BitPadding.js

Request for /js/SOAEP.js received.
About to route a request for /js/
Getting file:/home/andreas/PGP-Chat/PGP-Chat-Server/chat/js/SOAEP.js

Request for /js/Cipher.js received.
About to route a request for /js/
Getting file:/home/andreas/PGP-Chat/PGP-Chat-Server/chat/js/Cipher.js

Request for /js/RSAKeyFormat.js received.
About to route a request for /js/
Getting file:/home/andreas/PGP-Chat/PGP-Chat-Server/chat/js/RSAKeyFormat.js

Request for /js/RSAMessageFormat.js received.
About to route a request for /js/
Getting file:/home/andreas/PGP-Chat/PGP-Chat-Server/chat/js/RSAMessageFormat.js

Request for /js/RSAMessageFormatSOAEP.js received.
About to route a request for /js/
Getting file:/home/andreas/PGP-Chat/PGP-Chat-Server/chat/js/RSAMessageFormatSOAEP.js

Request for /js/RSAMessageFormatSOAEP_DIRECT.js received.
About to route a request for /js/
Getting file:/home/andreas/PGP-Chat/PGP-Chat-Server/chat/js/RSAMessageFormatSOAEP_DIRECT.js

Request for /js/sjcl.js received.
About to route a request for /js/
Getting file:/home/andreas/PGP-Chat/PGP-Chat-Server/chat/js/sjcl.js

Request for /js/RSAMessageFormatBitPadding.js received.
About to route a request for /js/
Getting file:/home/andreas/PGP-Chat/PGP-Chat-Server/chat/js/RSAMessageFormatBitPadding.js

Joined: undefined Client-ID: fAKV_Phd8CmP0AL5lNB3
Left: undefined
Left: undefined
Joined: undefined Client-ID: OG4yPP1_CFjQju5ylNB5
Loginversuch: Username: Andreas S. Password: andreas clientID: OG4yPP1_CFjQju5ylNB5
Server started

Request for / received.
About to route a request for /
Getting file:/home/andreas/PGP-Chat/PGP-Chat-Server/chat/html/

Getting file:/home/andreas/PGP-Chat/PGP-Chat-Server/chat/html/index.html

Request for /js/jquery-1.7.1.min.js received.
About to route a request for /js/
Getting file:/home/andreas/PGP-Chat/PGP-Chat-Server/chat/js/jquery-1.7.1.min.js

Request for /js/packages.js received.
About to route a request for /js/
Getting file:/home/andreas/PGP-Chat/PGP-Chat-Server/chat/js/packages.js

Request for /js/isarray.js received.
About to route a request for /js/
Getting file:/home/andreas/PGP-Chat/PGP-Chat-Server/chat/js/isarray.js

Request for /js/elapse.js received.
About to route a request for /js/
Getting file:/home/andreas/PGP-Chat/PGP-Chat-Server/chat/js/elapse.js

Request for /js/binary.js received.
About to route a request for /js/
Getting file:/home/andreas/PGP-Chat/PGP-Chat-Server/chat/js/binary.js

Request for /js/SecureRandom.js received.
About to route a request for /js/
Getting file:/home/andreas/PGP-Chat/PGP-Chat-Server/chat/js/SecureRandom.js

Request for /js/BigInteger.init1.js received.
About to route a request for /js/
Getting file:/home/andreas/PGP-Chat/PGP-Chat-Server/chat/js/BigInteger.init1.js

Request for /js/BigInteger.init2.js received.
About to route a request for /js/
Getting file:/home/andreas/PGP-Chat/PGP-Chat-Server/chat/js/BigInteger.init2.js

Request for /js/RSA.init1.js received.
About to route a request for /js/
Getting file:/home/andreas/PGP-Chat/PGP-Chat-Server/chat/js/RSA.init1.js

Request for /js/RSA.init2.js received.
About to route a request for /js/
Getting file:/home/andreas/PGP-Chat/PGP-Chat-Server/chat/js/RSA.init2.js

Request for /js/Cipher.js received.
About to route a request for /js/
Getting file:/home/andreas/PGP-Chat/PGP-Chat-Server/chat/js/Cipher.js

Request for /js/SOAEP.js received.
About to route a request for /js/
Getting file:/home/andreas/PGP-Chat/PGP-Chat-Server/chat/js/SOAEP.js

Request for /js/BitPadding.js received.
About to route a request for /js/
Getting file:/home/andreas/PGP-Chat/PGP-Chat-Server/chat/js/BitPadding.js

Request for /js/RSAKeyFormat.js received.
About to route a request for /js/
Getting file:/home/andreas/PGP-Chat/PGP-Chat-Server/chat/js/RSAKeyFormat.js

Request for /js/RSAMessageFormat.js received.
About to route a request for /js/
Getting file:/home/andreas/PGP-Chat/PGP-Chat-Server/chat/js/RSAMessageFormat.js

Request for /js/RSAMessageFormatSOAEP.js received.
About to route a request for /js/
Getting file:/home/andreas/PGP-Chat/PGP-Chat-Server/chat/js/RSAMessageFormatSOAEP.js

Request for /js/RSAMessageFormatSOAEP_DIRECT.js received.
About to route a request for /js/
Getting file:/home/andreas/PGP-Chat/PGP-Chat-Server/chat/js/RSAMessageFormatSOAEP_DIRECT.js

Request for /js/RSAMessageFormatBitPadding.js received.
About to route a request for /js/
Getting file:/home/andreas/PGP-Chat/PGP-Chat-Server/chat/js/RSAMessageFormatBitPadding.js

Request for /js/sjcl.js received.
About to route a request for /js/
Getting file:/home/andreas/PGP-Chat/PGP-Chat-Server/chat/js/sjcl.js

Request for /favicon.ico received.
About to route a request for /
Getting file:/home/andreas/PGP-Chat/PGP-Chat-Server/chat/html/favicon.ico

Getting file:/home/andreas/PGP-Chat/PGP-Chat-Server/chat/html/index.html

Joined: undefined Client-ID: 6V37yWgFmLRpAkQTUi2M
Left: undefined
Request for / received.
About to route a request for /
Getting file:/home/andreas/PGP-Chat/PGP-Chat-Server/chat/html/

Getting file:/home/andreas/PGP-Chat/PGP-Chat-Server/chat/html/index.html

Request for /js/jquery-1.7.1.min.js received.
About to route a request for /js/
Getting file:/home/andreas/PGP-Chat/PGP-Chat-Server/chat/js/jquery-1.7.1.min.js

Request for /js/elapse.js received.
About to route a request for /js/
Getting file:/home/andreas/PGP-Chat/PGP-Chat-Server/chat/js/elapse.js

Request for /js/packages.js received.
About to route a request for /js/
Getting file:/home/andreas/PGP-Chat/PGP-Chat-Server/chat/js/packages.js

Request for /js/isarray.js received.
About to route a request for /js/
Getting file:/home/andreas/PGP-Chat/PGP-Chat-Server/chat/js/isarray.js

Request for /js/binary.js received.
About to route a request for /js/
Getting file:/home/andreas/PGP-Chat/PGP-Chat-Server/chat/js/binary.js

Request for /js/SecureRandom.js received.
About to route a request for /js/
Getting file:/home/andreas/PGP-Chat/PGP-Chat-Server/chat/js/SecureRandom.js

Request for /js/BigInteger.init1.js received.
About to route a request for /js/
Getting file:/home/andreas/PGP-Chat/PGP-Chat-Server/chat/js/BigInteger.init1.js

Request for /js/BigInteger.init2.js received.
About to route a request for /js/
Getting file:/home/andreas/PGP-Chat/PGP-Chat-Server/chat/js/BigInteger.init2.js

Request for /js/RSA.init1.js received.
About to route a request for /js/
Getting file:/home/andreas/PGP-Chat/PGP-Chat-Server/chat/js/RSA.init1.js

Request for /js/SOAEP.js received.
About to route a request for /js/
Getting file:/home/andreas/PGP-Chat/PGP-Chat-Server/chat/js/SOAEP.js

Request for /js/Cipher.js received.
About to route a request for /js/
Getting file:/home/andreas/PGP-Chat/PGP-Chat-Server/chat/js/Cipher.js

Request for /js/RSA.init2.js received.
About to route a request for /js/
Getting file:/home/andreas/PGP-Chat/PGP-Chat-Server/chat/js/RSA.init2.js

Request for /js/BitPadding.js received.
About to route a request for /js/
Getting file:/home/andreas/PGP-Chat/PGP-Chat-Server/chat/js/BitPadding.js

Request for /js/RSAKeyFormat.js received.
About to route a request for /js/
Getting file:/home/andreas/PGP-Chat/PGP-Chat-Server/chat/js/RSAKeyFormat.js

Request for /js/RSAMessageFormat.js received.
About to route a request for /js/
Getting file:/home/andreas/PGP-Chat/PGP-Chat-Server/chat/js/RSAMessageFormat.js

Request for /js/RSAMessageFormatSOAEP.js received.
About to route a request for /js/
Getting file:/home/andreas/PGP-Chat/PGP-Chat-Server/chat/js/RSAMessageFormatSOAEP.js

Request for /js/RSAMessageFormatSOAEP_DIRECT.js received.
About to route a request for /js/
Getting file:/home/andreas/PGP-Chat/PGP-Chat-Server/chat/js/RSAMessageFormatSOAEP_DIRECT.js

Request for /js/RSAMessageFormatBitPadding.js received.
About to route a request for /js/
Getting file:/home/andreas/PGP-Chat/PGP-Chat-Server/chat/js/RSAMessageFormatBitPadding.js

Request for /js/sjcl.js received.
About to route a request for /js/
Getting file:/home/andreas/PGP-Chat/PGP-Chat-Server/chat/js/sjcl.js

Joined: undefined Client-ID: iJZJWiSWAGXyDiwIUi2N
Left: undefined
Request for / received.
About to route a request for /
Getting file:/home/andreas/PGP-Chat/PGP-Chat-Server/chat/html/

Getting file:/home/andreas/PGP-Chat/PGP-Chat-Server/chat/html/index.html

Request for /js/jquery-1.7.1.min.js received.
About to route a request for /js/
Getting file:/home/andreas/PGP-Chat/PGP-Chat-Server/chat/js/jquery-1.7.1.min.js

Request for /js/packages.js received.
About to route a request for /js/
Getting file:/home/andreas/PGP-Chat/PGP-Chat-Server/chat/js/packages.js

Request for /js/elapse.js received.
About to route a request for /js/
Getting file:/home/andreas/PGP-Chat/PGP-Chat-Server/chat/js/elapse.js

Request for /js/isarray.js received.
About to route a request for /js/
Getting file:/home/andreas/PGP-Chat/PGP-Chat-Server/chat/js/isarray.js

Request for /js/binary.js received.
About to route a request for /js/
Getting file:/home/andreas/PGP-Chat/PGP-Chat-Server/chat/js/binary.js

Request for /js/SecureRandom.js received.
About to route a request for /js/
Getting file:/home/andreas/PGP-Chat/PGP-Chat-Server/chat/js/SecureRandom.js

Request for /js/BigInteger.init1.js received.
About to route a request for /js/
Getting file:/home/andreas/PGP-Chat/PGP-Chat-Server/chat/js/BigInteger.init1.js

Request for /js/BigInteger.init2.js received.
About to route a request for /js/
Getting file:/home/andreas/PGP-Chat/PGP-Chat-Server/chat/js/BigInteger.init2.js

Request for /js/RSA.init1.js received.
About to route a request for /js/
Getting file:/home/andreas/PGP-Chat/PGP-Chat-Server/chat/js/RSA.init1.js

Request for /js/RSA.init2.js received.
About to route a request for /js/
Getting file:/home/andreas/PGP-Chat/PGP-Chat-Server/chat/js/RSA.init2.js

Request for /js/Cipher.js received.
About to route a request for /js/
Getting file:/home/andreas/PGP-Chat/PGP-Chat-Server/chat/js/Cipher.js

Request for /js/SOAEP.js received.
About to route a request for /js/
Getting file:/home/andreas/PGP-Chat/PGP-Chat-Server/chat/js/SOAEP.js

Request for /js/RSAKeyFormat.js received.
About to route a request for /js/
Getting file:/home/andreas/PGP-Chat/PGP-Chat-Server/chat/js/RSAKeyFormat.js

Request for /js/BitPadding.js received.
About to route a request for /js/
Getting file:/home/andreas/PGP-Chat/PGP-Chat-Server/chat/js/BitPadding.js

Request for /js/RSAMessageFormat.js received.
About to route a request for /js/
Getting file:/home/andreas/PGP-Chat/PGP-Chat-Server/chat/js/RSAMessageFormat.js

Request for /js/RSAMessageFormatSOAEP.js received.
About to route a request for /js/
Getting file:/home/andreas/PGP-Chat/PGP-Chat-Server/chat/js/RSAMessageFormatSOAEP.js

Request for /js/RSAMessageFormatSOAEP_DIRECT.js received.
About to route a request for /js/
Getting file:/home/andreas/PGP-Chat/PGP-Chat-Server/chat/js/RSAMessageFormatSOAEP_DIRECT.js

Request for /js/RSAMessageFormatBitPadding.js received.
About to route a request for /js/
Getting file:/home/andreas/PGP-Chat/PGP-Chat-Server/chat/js/RSAMessageFormatBitPadding.js

Request for /js/sjcl.js received.
About to route a request for /js/
Getting file:/home/andreas/PGP-Chat/PGP-Chat-Server/chat/js/sjcl.js

Joined: undefined Client-ID: n-2xrgWffGMqdFU0Ui2O
Loginversuch: Username: Andreas S. Password: andreas clientID: n-2xrgWffGMqdFU0Ui2O
Left: Andreas S.
Request for / received.
About to route a request for /
Getting file:/home/andreas/PGP-Chat/PGP-Chat-Server/chat/html/

Getting file:/home/andreas/PGP-Chat/PGP-Chat-Server/chat/html/index.html

Request for /js/jquery-1.7.1.min.js received.
About to route a request for /js/
Getting file:/home/andreas/PGP-Chat/PGP-Chat-Server/chat/js/jquery-1.7.1.min.js

Request for /js/isarray.js received.
About to route a request for /js/
Getting file:/home/andreas/PGP-Chat/PGP-Chat-Server/chat/js/isarray.js

Request for /js/packages.js received.
About to route a request for /js/
Getting file:/home/andreas/PGP-Chat/PGP-Chat-Server/chat/js/packages.js

Request for /js/elapse.js received.
About to route a request for /js/
Getting file:/home/andreas/PGP-Chat/PGP-Chat-Server/chat/js/elapse.js

Request for /js/SecureRandom.js received.
About to route a request for /js/
Getting file:/home/andreas/PGP-Chat/PGP-Chat-Server/chat/js/SecureRandom.js

Request for /js/BigInteger.init2.js received.
About to route a request for /js/
Getting file:/home/andreas/PGP-Chat/PGP-Chat-Server/chat/js/BigInteger.init2.js

Request for /js/BigInteger.init1.js received.
About to route a request for /js/
Getting file:/home/andreas/PGP-Chat/PGP-Chat-Server/chat/js/BigInteger.init1.js

Request for /js/RSA.init1.js received.
About to route a request for /js/
Getting file:/home/andreas/PGP-Chat/PGP-Chat-Server/chat/js/RSA.init1.js

Request for /js/RSA.init2.js received.
About to route a request for /js/
Getting file:/home/andreas/PGP-Chat/PGP-Chat-Server/chat/js/RSA.init2.js

Request for /js/Cipher.js received.
About to route a request for /js/
Getting file:/home/andreas/PGP-Chat/PGP-Chat-Server/chat/js/Cipher.js

Request for /js/SOAEP.js received.
About to route a request for /js/
Getting file:/home/andreas/PGP-Chat/PGP-Chat-Server/chat/js/SOAEP.js

Request for /js/BitPadding.js received.
About to route a request for /js/
Getting file:/home/andreas/PGP-Chat/PGP-Chat-Server/chat/js/BitPadding.js

Request for /js/RSAKeyFormat.js received.
About to route a request for /js/
Getting file:/home/andreas/PGP-Chat/PGP-Chat-Server/chat/js/RSAKeyFormat.js

Request for /js/RSAMessageFormat.js received.
About to route a request for /js/
Getting file:/home/andreas/PGP-Chat/PGP-Chat-Server/chat/js/RSAMessageFormat.js

Request for /js/RSAMessageFormatSOAEP.js received.
About to route a request for /js/
Getting file:/home/andreas/PGP-Chat/PGP-Chat-Server/chat/js/RSAMessageFormatSOAEP.js

Request for /js/RSAMessageFormatSOAEP_DIRECT.js received.
About to route a request for /js/
Getting file:/home/andreas/PGP-Chat/PGP-Chat-Server/chat/js/RSAMessageFormatSOAEP_DIRECT.js

Request for /js/RSAMessageFormatBitPadding.js received.
About to route a request for /js/
Getting file:/home/andreas/PGP-Chat/PGP-Chat-Server/chat/js/RSAMessageFormatBitPadding.js

Request for /js/sjcl.js received.
About to route a request for /js/
Getting file:/home/andreas/PGP-Chat/PGP-Chat-Server/chat/js/sjcl.js

Request for /js/binary.js received.
About to route a request for /js/
Getting file:/home/andreas/PGP-Chat/PGP-Chat-Server/chat/js/binary.js

Joined: undefined Client-ID: zCoOKfMUJOIrs41TUi2P
Request for /favicon.ico received.
About to route a request for /
Getting file:/home/andreas/PGP-Chat/PGP-Chat-Server/chat/html/favicon.ico

Getting file:/home/andreas/PGP-Chat/PGP-Chat-Server/chat/html/index.html

Error in select_query: SELECT password FROM users WHERE name = 'steffen'
Error: null
Left: undefined
Request for /rsakeygenerieren.html received.
About to route a request for /
Getting file:/home/andreas/PGP-Chat/PGP-Chat-Server/chat/html/rsakeygenerieren.html

Request for /js/jquery-1.7.1.min.js received.
About to route a request for /js/
Getting file:/home/andreas/PGP-Chat/PGP-Chat-Server/chat/js/jquery-1.7.1.min.js

Request for /js/isarray.js received.
About to route a request for /js/
Getting file:/home/andreas/PGP-Chat/PGP-Chat-Server/chat/js/isarray.js

Request for /js/binary.js received.
About to route a request for /js/
Getting file:/home/andreas/PGP-Chat/PGP-Chat-Server/chat/js/binary.js

Request for /js/trace.js received.
About to route a request for /js/
Getting file:/home/andreas/PGP-Chat/PGP-Chat-Server/chat/js/trace.js

Request for /js/elapse.js received.
About to route a request for /js/
Getting file:/home/andreas/PGP-Chat/PGP-Chat-Server/chat/js/elapse.js

Request for /js/packages.js received.
About to route a request for /js/
Getting file:/home/andreas/PGP-Chat/PGP-Chat-Server/chat/js/packages.js

Request for /js/BigInteger_002.js received.
About to route a request for /js/
Getting file:/home/andreas/PGP-Chat/PGP-Chat-Server/chat/js/BigInteger_002.js

Request for /js/SecureRandom.js received.
About to route a request for /js/
Getting file:/home/andreas/PGP-Chat/PGP-Chat-Server/chat/js/SecureRandom.js

Request for /js/BigInteger.js received.
About to route a request for /js/
Getting file:/home/andreas/PGP-Chat/PGP-Chat-Server/chat/js/BigInteger.js

Request for /js/RSA_003.js received.
About to route a request for /js/
Getting file:/home/andreas/PGP-Chat/PGP-Chat-Server/chat/js/RSA_003.js

Request for /js/RSA_002.js received.
About to route a request for /js/
Getting file:/home/andreas/PGP-Chat/PGP-Chat-Server/chat/js/RSA_002.js

Request for /js/nonstructured.js received.
About to route a request for /js/
Getting file:/home/andreas/PGP-Chat/PGP-Chat-Server/chat/js/nonstructured.js

Request for /js/RSA.js received.
About to route a request for /js/
Getting file:/home/andreas/PGP-Chat/PGP-Chat-Server/chat/js/RSA.js

Request for /js/BigInteger_003.js received.
About to route a request for /js/
Getting file:/home/andreas/PGP-Chat/PGP-Chat-Server/chat/js/BigInteger_003.js

Request for /js/SOAEP.js received.
About to route a request for /js/
Getting file:/home/andreas/PGP-Chat/PGP-Chat-Server/chat/js/SOAEP.js

Request for /js/Cipher.js received.
About to route a request for /js/
Getting file:/home/andreas/PGP-Chat/PGP-Chat-Server/chat/js/Cipher.js

Request for /js/RSAKeyFormat.js received.
About to route a request for /js/
Getting file:/home/andreas/PGP-Chat/PGP-Chat-Server/chat/js/RSAKeyFormat.js

Request for /js/BitPadding.js received.
About to route a request for /js/
Getting file:/home/andreas/PGP-Chat/PGP-Chat-Server/chat/js/BitPadding.js

Request for /js/sjcl.js received.
About to route a request for /js/
Getting file:/home/andreas/PGP-Chat/PGP-Chat-Server/chat/js/sjcl.js

Request for /register/neu.php received.
About to route a request for /register/
INSERT INTO users (name, password, public_key, private_key) VALUES ('steffen', 'sha1$abc53142$1$f51e981d8506f2496cf9cd9cd6e6e3360f2c2cba', 'DxaRTdiP1h90c5jd2ld8XtwX37fFxbhlptbxbILFmqdFSD57RVMLLp2otJadagPtQ7hbvVWdYnoJTWCg6Kfnjar4vdylvJothsL7YahYxbsYUy9RyfFfbiYbS3XazgSnEYVw', '{\"iv\":\"ekq2mRTS7Zost4TIfyiESw\",\"v\":1,\"iter\":1000,\"ks\":128,\"ts\":64,\"mode\":\"ccm\",\"adata\":\"\",\"cipher\":\"aes\",\"salt\":\"0h61NhG03g0\",\"ct\":\"h4Y6vcNwhNbx2zu92AV6GejdkEPNMoLrLkP07yngunSCxG+d5mGolym/VuhosNRXY8EedzzV2oHahNiFPFFVJqiG+dv5WuzcxTzuwPY3qGlXGOY6/gjiQG5Q6/7NV0G3zTE3Gtyz/GvwyloI1Zn2uljY59p9rQdxaNIFd38z0k0eD4jVDhB/A/dD17dBoPvd2oGyLon2EBwAf6VBQbEAfklR46DrANnAI9DgTDY8wv0860GvPmTjrVWLhnFZzBQkJafg20L2zgpwX0DyvA84QYjHiKHEGhLiv7xK2YLWV8H/ddv2vW3JbDgt5iBDCE5l5py9UKeI9ylj5gy5Pv7a6yhnImY\"}')
Error in select_query: SELECT password FROM users WHERE name = 'steffen'
Error: null
Request for / received.
About to route a request for /
Getting file:/home/andreas/PGP-Chat/PGP-Chat-Server/chat/html/

Getting file:/home/andreas/PGP-Chat/PGP-Chat-Server/chat/html/index.html

Request for /js/jquery-1.7.1.min.js received.
About to route a request for /js/
Getting file:/home/andreas/PGP-Chat/PGP-Chat-Server/chat/js/jquery-1.7.1.min.js

Request for /js/packages.js received.
About to route a request for /js/
Getting file:/home/andreas/PGP-Chat/PGP-Chat-Server/chat/js/packages.js

Request for /js/binary.js received.
About to route a request for /js/
Getting file:/home/andreas/PGP-Chat/PGP-Chat-Server/chat/js/binary.js

Request for /js/elapse.js received.
About to route a request for /js/
Getting file:/home/andreas/PGP-Chat/PGP-Chat-Server/chat/js/elapse.js

Request for /js/isarray.js received.
About to route a request for /js/
Getting file:/home/andreas/PGP-Chat/PGP-Chat-Server/chat/js/isarray.js

Request for /js/SecureRandom.js received.
About to route a request for /js/
Getting file:/home/andreas/PGP-Chat/PGP-Chat-Server/chat/js/SecureRandom.js

Request for /js/BigInteger.init1.js received.
About to route a request for /js/
Getting file:/home/andreas/PGP-Chat/PGP-Chat-Server/chat/js/BigInteger.init1.js

Request for /js/BigInteger.init2.js received.
About to route a request for /js/
Getting file:/home/andreas/PGP-Chat/PGP-Chat-Server/chat/js/BigInteger.init2.js

Request for /js/RSA.init1.js received.
About to route a request for /js/
Getting file:/home/andreas/PGP-Chat/PGP-Chat-Server/chat/js/RSA.init1.js

Request for /js/RSA.init2.js received.
About to route a request for /js/
Getting file:/home/andreas/PGP-Chat/PGP-Chat-Server/chat/js/RSA.init2.js

Request for /js/Cipher.js received.
About to route a request for /js/
Getting file:/home/andreas/PGP-Chat/PGP-Chat-Server/chat/js/Cipher.js

Request for /js/SOAEP.js received.
About to route a request for /js/
Getting file:/home/andreas/PGP-Chat/PGP-Chat-Server/chat/js/SOAEP.js

Request for /js/BitPadding.js received.
About to route a request for /js/
Getting file:/home/andreas/PGP-Chat/PGP-Chat-Server/chat/js/BitPadding.js

Request for /js/RSAKeyFormat.js received.
About to route a request for /js/
Getting file:/home/andreas/PGP-Chat/PGP-Chat-Server/chat/js/RSAKeyFormat.js

Request for /js/RSAMessageFormat.js received.
About to route a request for /js/
Getting file:/home/andreas/PGP-Chat/PGP-Chat-Server/chat/js/RSAMessageFormat.js

Request for /js/RSAMessageFormatSOAEP.js received.
About to route a request for /js/
Getting file:/home/andreas/PGP-Chat/PGP-Chat-Server/chat/js/RSAMessageFormatSOAEP.js

Request for /js/RSAMessageFormatSOAEP_DIRECT.js received.
About to route a request for /js/
Getting file:/home/andreas/PGP-Chat/PGP-Chat-Server/chat/js/RSAMessageFormatSOAEP_DIRECT.js

Request for /js/RSAMessageFormatBitPadding.js received.
About to route a request for /js/
Getting file:/home/andreas/PGP-Chat/PGP-Chat-Server/chat/js/RSAMessageFormatBitPadding.js

Request for /js/sjcl.js received.
About to route a request for /js/
Getting file:/home/andreas/PGP-Chat/PGP-Chat-Server/chat/js/sjcl.js

Joined: undefined Client-ID: XjbbsSEdSpkUAQxYUi2Q
Loginversuch: Username: steffen Password: steffentT clientID: XjbbsSEdSpkUAQxYUi2Q
Error in select_query: SELECT Messages.Number, users.name as Author, Messages.message_body as Message_body FROM Messages, users WHERE Messages.receiver = 7 AND Messages.author = users.number ORDER BY Messages.Number ASC
Error: null
Error in select_query: SELECT Messages.Number, users.name as Author, Messages.message_body as Message_body FROM Messages, users WHERE Messages.receiver = 7 AND Messages.author = users.number ORDER BY Messages.Number ASC
Error: null
Left: steffen
Request for / received.
About to route a request for /
Getting file:/home/andreas/PGP-Chat/PGP-Chat-Server/chat/html/

Getting file:/home/andreas/PGP-Chat/PGP-Chat-Server/chat/html/index.html

Request for /js/jquery-1.7.1.min.js received.
About to route a request for /js/
Getting file:/home/andreas/PGP-Chat/PGP-Chat-Server/chat/js/jquery-1.7.1.min.js

Request for /js/elapse.js received.
About to route a request for /js/
Getting file:/home/andreas/PGP-Chat/PGP-Chat-Server/chat/js/elapse.js

Request for /js/SecureRandom.js received.
About to route a request for /js/
Getting file:/home/andreas/PGP-Chat/PGP-Chat-Server/chat/js/SecureRandom.js

Request for /js/binary.js received.
About to route a request for /js/
Getting file:/home/andreas/PGP-Chat/PGP-Chat-Server/chat/js/binary.js

Request for /js/packages.js received.
About to route a request for /js/
Getting file:/home/andreas/PGP-Chat/PGP-Chat-Server/chat/js/packages.js

Request for /js/isarray.js received.
About to route a request for /js/
Getting file:/home/andreas/PGP-Chat/PGP-Chat-Server/chat/js/isarray.js

Request for /js/BigInteger.init1.js received.
About to route a request for /js/
Getting file:/home/andreas/PGP-Chat/PGP-Chat-Server/chat/js/BigInteger.init1.js

Request for /js/BigInteger.init2.js received.
About to route a request for /js/
Getting file:/home/andreas/PGP-Chat/PGP-Chat-Server/chat/js/BigInteger.init2.js

Request for /js/RSA.init1.js received.
About to route a request for /js/
Getting file:/home/andreas/PGP-Chat/PGP-Chat-Server/chat/js/RSA.init1.js

Request for /js/RSA.init2.js received.
About to route a request for /js/
Getting file:/home/andreas/PGP-Chat/PGP-Chat-Server/chat/js/RSA.init2.js

Request for /js/Cipher.js received.
About to route a request for /js/
Getting file:/home/andreas/PGP-Chat/PGP-Chat-Server/chat/js/Cipher.js

Request for /js/SOAEP.js received.
About to route a request for /js/
Getting file:/home/andreas/PGP-Chat/PGP-Chat-Server/chat/js/SOAEP.js

Request for /js/BitPadding.js received.
About to route a request for /js/
Getting file:/home/andreas/PGP-Chat/PGP-Chat-Server/chat/js/BitPadding.js

Request for /js/RSAKeyFormat.js received.
About to route a request for /js/
Getting file:/home/andreas/PGP-Chat/PGP-Chat-Server/chat/js/RSAKeyFormat.js

Request for /js/RSAMessageFormat.js received.
About to route a request for /js/
Getting file:/home/andreas/PGP-Chat/PGP-Chat-Server/chat/js/RSAMessageFormat.js

Request for /js/RSAMessageFormatSOAEP.js received.
About to route a request for /js/
Getting file:/home/andreas/PGP-Chat/PGP-Chat-Server/chat/js/RSAMessageFormatSOAEP.js

Request for /js/RSAMessageFormatSOAEP_DIRECT.js received.
About to route a request for /js/
Getting file:/home/andreas/PGP-Chat/PGP-Chat-Server/chat/js/RSAMessageFormatSOAEP_DIRECT.js

Request for /js/RSAMessageFormatBitPadding.js received.
About to route a request for /js/
Getting file:/home/andreas/PGP-Chat/PGP-Chat-Server/chat/js/RSAMessageFormatBitPadding.js

Request for /js/sjcl.js received.
About to route a request for /js/
Getting file:/home/andreas/PGP-Chat/PGP-Chat-Server/chat/js/sjcl.js

Request for /favicon.ico received.
About to route a request for /
Getting file:/home/andreas/PGP-Chat/PGP-Chat-Server/chat/html/favicon.ico

Getting file:/home/andreas/PGP-Chat/PGP-Chat-Server/chat/html/index.html

Request for /favicon.ico received.
About to route a request for /
Getting file:/home/andreas/PGP-Chat/PGP-Chat-Server/chat/html/favicon.ico

Getting file:/home/andreas/PGP-Chat/PGP-Chat-Server/chat/html/index.html

Joined: undefined Client-ID: BLnKHrUvdMVPD66QUi2R
Left: undefined
Request for /jabberClient.html received.
About to route a request for /
Getting file:/home/andreas/PGP-Chat/PGP-Chat-Server/chat/html/jabberClient.html

Request for /jsjac.js received.
About to route a request for /
Getting file:/home/andreas/PGP-Chat/PGP-Chat-Server/chat/html/jsjac.js

Getting file:/home/andreas/PGP-Chat/PGP-Chat-Server/chat/html/index.html

Request for /favicon.ico received.
About to route a request for /
Getting file:/home/andreas/PGP-Chat/PGP-Chat-Server/chat/html/favicon.ico

Getting file:/home/andreas/PGP-Chat/PGP-Chat-Server/chat/html/index.html

Request for /favicon.ico received.
About to route a request for /
Getting file:/home/andreas/PGP-Chat/PGP-Chat-Server/chat/html/favicon.ico

Getting file:/home/andreas/PGP-Chat/PGP-Chat-Server/chat/html/index.html

Request for / received.
About to route a request for /
Getting file:/home/andreas/PGP-Chat/PGP-Chat-Server/chat/html/

Getting file:/home/andreas/PGP-Chat/PGP-Chat-Server/chat/html/index.html

Request for /js/jquery-1.7.1.min.js received.
About to route a request for /js/
Getting file:/home/andreas/PGP-Chat/PGP-Chat-Server/chat/js/jquery-1.7.1.min.js

Request for /js/Cipher.js received.
About to route a request for /js/
Getting file:/home/andreas/PGP-Chat/PGP-Chat-Server/chat/js/Cipher.js

Request for /js/RSAMessageFormatSOAEP.js received.
About to route a request for /js/
Getting file:/home/andreas/PGP-Chat/PGP-Chat-Server/chat/js/RSAMessageFormatSOAEP.js

Request for /js/binary.js received.
About to route a request for /js/
Getting file:/home/andreas/PGP-Chat/PGP-Chat-Server/chat/js/binary.js

Request for /js/SecureRandom.js received.
About to route a request for /js/
Getting file:/home/andreas/PGP-Chat/PGP-Chat-Server/chat/js/SecureRandom.js

Request for /js/BigInteger.init1.js received.
About to route a request for /js/
Getting file:/home/andreas/PGP-Chat/PGP-Chat-Server/chat/js/BigInteger.init1.js

Request for /js/BigInteger.init2.js received.
About to route a request for /js/
Getting file:/home/andreas/PGP-Chat/PGP-Chat-Server/chat/js/BigInteger.init2.js

Request for /js/RSA.init1.js received.
About to route a request for /js/
Getting file:/home/andreas/PGP-Chat/PGP-Chat-Server/chat/js/RSA.init1.js

Request for /js/RSA.init2.js received.
About to route a request for /js/
Getting file:/home/andreas/PGP-Chat/PGP-Chat-Server/chat/js/RSA.init2.js

Request for /js/SOAEP.js received.
About to route a request for /js/
Getting file:/home/andreas/PGP-Chat/PGP-Chat-Server/chat/js/SOAEP.js

Request for /js/BitPadding.js received.
About to route a request for /js/
Getting file:/home/andreas/PGP-Chat/PGP-Chat-Server/chat/js/BitPadding.js

Request for /js/RSAKeyFormat.js received.
About to route a request for /js/
Getting file:/home/andreas/PGP-Chat/PGP-Chat-Server/chat/js/RSAKeyFormat.js

Request for /js/RSAMessageFormatSOAEP_DIRECT.js received.
About to route a request for /js/
Getting file:/home/andreas/PGP-Chat/PGP-Chat-Server/chat/js/RSAMessageFormatSOAEP_DIRECT.js

Request for /js/RSAMessageFormat.js received.
About to route a request for /js/
Getting file:/home/andreas/PGP-Chat/PGP-Chat-Server/chat/js/RSAMessageFormat.js

Request for /js/RSAMessageFormatBitPadding.js received.
About to route a request for /js/
Getting file:/home/andreas/PGP-Chat/PGP-Chat-Server/chat/js/RSAMessageFormatBitPadding.js

Request for /js/sjcl.js received.
About to route a request for /js/
Getting file:/home/andreas/PGP-Chat/PGP-Chat-Server/chat/js/sjcl.js

Request for /js/packages.js received.
About to route a request for /js/
Getting file:/home/andreas/PGP-Chat/PGP-Chat-Server/chat/js/packages.js

Request for /js/elapse.js received.
About to route a request for /js/
Getting file:/home/andreas/PGP-Chat/PGP-Chat-Server/chat/js/elapse.js

Request for /js/isarray.js received.
About to route a request for /js/
Getting file:/home/andreas/PGP-Chat/PGP-Chat-Server/chat/js/isarray.js

Request for /favicon.ico received.
About to route a request for /
Getting file:/home/andreas/PGP-Chat/PGP-Chat-Server/chat/html/favicon.ico

Getting file:/home/andreas/PGP-Chat/PGP-Chat-Server/chat/html/index.html

Request for /rsakeygenerieren.html received.
About to route a request for /
Getting file:/home/andreas/PGP-Chat/PGP-Chat-Server/chat/html/rsakeygenerieren.html

Joined: undefined Client-ID: 5DflZNrkT7UcnBqZUi2S
Left: undefined
Request for /js/jquery-1.7.1.min.js received.
About to route a request for /js/
Getting file:/home/andreas/PGP-Chat/PGP-Chat-Server/chat/js/jquery-1.7.1.min.js

Request for /js/isarray.js received.
About to route a request for /js/
Getting file:/home/andreas/PGP-Chat/PGP-Chat-Server/chat/js/isarray.js

Request for /js/packages.js received.
About to route a request for /js/
Getting file:/home/andreas/PGP-Chat/PGP-Chat-Server/chat/js/packages.js

Request for /js/binary.js received.
About to route a request for /js/
Getting file:/home/andreas/PGP-Chat/PGP-Chat-Server/chat/js/binary.js

Request for /js/elapse.js received.
About to route a request for /js/
Getting file:/home/andreas/PGP-Chat/PGP-Chat-Server/chat/js/elapse.js

Request for /js/trace.js received.
About to route a request for /js/
Getting file:/home/andreas/PGP-Chat/PGP-Chat-Server/chat/js/trace.js

Request for /js/BigInteger_002.js received.
About to route a request for /js/
Getting file:/home/andreas/PGP-Chat/PGP-Chat-Server/chat/js/BigInteger_002.js

Request for /js/RSA_003.js received.
About to route a request for /js/
Getting file:/home/andreas/PGP-Chat/PGP-Chat-Server/chat/js/RSA_003.js

Request for /js/SecureRandom.js received.
About to route a request for /js/
Getting file:/home/andreas/PGP-Chat/PGP-Chat-Server/chat/js/SecureRandom.js

Request for /js/BigInteger.js received.
About to route a request for /js/
Getting file:/home/andreas/PGP-Chat/PGP-Chat-Server/chat/js/BigInteger.js

Request for /js/RSA_002.js received.
About to route a request for /js/
Getting file:/home/andreas/PGP-Chat/PGP-Chat-Server/chat/js/RSA_002.js

Request for /js/nonstructured.js received.
About to route a request for /js/
Getting file:/home/andreas/PGP-Chat/PGP-Chat-Server/chat/js/nonstructured.js

Request for /js/BigInteger_003.js received.
About to route a request for /js/
Getting file:/home/andreas/PGP-Chat/PGP-Chat-Server/chat/js/BigInteger_003.js

Request for /js/RSA.js received.
About to route a request for /js/
Getting file:/home/andreas/PGP-Chat/PGP-Chat-Server/chat/js/RSA.js

Request for /js/Cipher.js received.
About to route a request for /js/
Getting file:/home/andreas/PGP-Chat/PGP-Chat-Server/chat/js/Cipher.js

Request for /js/SOAEP.js received.
About to route a request for /js/
Getting file:/home/andreas/PGP-Chat/PGP-Chat-Server/chat/js/SOAEP.js

Request for /js/RSAKeyFormat.js received.
About to route a request for /js/
Getting file:/home/andreas/PGP-Chat/PGP-Chat-Server/chat/js/RSAKeyFormat.js

Request for /js/BitPadding.js received.
About to route a request for /js/
Getting file:/home/andreas/PGP-Chat/PGP-Chat-Server/chat/js/BitPadding.js

Request for /js/sjcl.js received.
About to route a request for /js/
Getting file:/home/andreas/PGP-Chat/PGP-Chat-Server/chat/js/sjcl.js

Request for /favicon.ico received.
About to route a request for /
Getting file:/home/andreas/PGP-Chat/PGP-Chat-Server/chat/html/favicon.ico

Getting file:/home/andreas/PGP-Chat/PGP-Chat-Server/chat/html/index.html

Request for /register/neu.php received.
About to route a request for /register/
INSERT INTO users (name, password, public_key, private_key) VALUES ('mike', 'sha1$54dd3923$1$8435fe985e663058ff2e595b074f93b62077a440', 'wy3xxeOP4AL7Cby5dyUy6Naaxakz4K7Psq66jNSTR4nyuc5isJPZgFSQK4ExaNWBd7CQXN93dOpC298xagxbHrxagbRFFS0uRy4FRXaBzzwQPxbOSrw95o7R8LVNZsmKDL1axbIG', '{\"iv\":\"/6tA9ZKJETORIQfqyvqa8g\",\"v\":1,\"iter\":1000,\"ks\":128,\"ts\":64,\"mode\":\"ccm\",\"adata\":\"\",\"cipher\":\"aes\",\"salt\":\"uydv3hDg0Wo\",\"ct\":\"dWKs23U4jbBkmFD3A/yo2lryO1v0l6ZDUn/yblghAJrkWFWl6kLmBeRMlBM/ajMI9DBYfSD6q8hHvetnViBeluA70gY7H6DvyZCc8OU9jFtjy0HD9ZftiVAt+dJXEUNAvTDFrp6GY6CylbVd5PH5aqAOHyEkOGL5smceXobvCOpJ6uOGT1OGd1SD70n9l1iCbfAlwp1U29e1JrwTQ2NMEoRFMvwo2wu2qHcIrzd13AKfhFFAKXY/zlwkcriZs3pFuFGR0MOA/nufserZ0NLbhQHh4aK5rj5P8+zAMB7vY7SEcGnAaGTuxr8BQ9qs77d6m+lCfcxkgZpMdbzY/I4QAQc\"}')
Error in select_query: SELECT password FROM users WHERE name = 'mike'
Error: null
Request for /favicon.ico received.
About to route a request for /
Getting file:/home/andreas/PGP-Chat/PGP-Chat-Server/chat/html/favicon.ico

Getting file:/home/andreas/PGP-Chat/PGP-Chat-Server/chat/html/index.html

Request for / received.
About to route a request for /
Getting file:/home/andreas/PGP-Chat/PGP-Chat-Server/chat/html/

Getting file:/home/andreas/PGP-Chat/PGP-Chat-Server/chat/html/index.html

Request for /js/jquery-1.7.1.min.js received.
About to route a request for /js/
Getting file:/home/andreas/PGP-Chat/PGP-Chat-Server/chat/js/jquery-1.7.1.min.js

Request for /js/packages.js received.
About to route a request for /js/
Getting file:/home/andreas/PGP-Chat/PGP-Chat-Server/chat/js/packages.js

Request for /js/elapse.js received.
About to route a request for /js/
Getting file:/home/andreas/PGP-Chat/PGP-Chat-Server/chat/js/elapse.js

Request for /js/isarray.js received.
About to route a request for /js/
Getting file:/home/andreas/PGP-Chat/PGP-Chat-Server/chat/js/isarray.js

Request for /js/binary.js received.
About to route a request for /js/
Getting file:/home/andreas/PGP-Chat/PGP-Chat-Server/chat/js/binary.js

Request for /js/SecureRandom.js received.
About to route a request for /js/
Getting file:/home/andreas/PGP-Chat/PGP-Chat-Server/chat/js/SecureRandom.js

Request for /js/BigInteger.init1.js received.
About to route a request for /js/
Getting file:/home/andreas/PGP-Chat/PGP-Chat-Server/chat/js/BigInteger.init1.js

Request for /js/BigInteger.init2.js received.
About to route a request for /js/
Getting file:/home/andreas/PGP-Chat/PGP-Chat-Server/chat/js/BigInteger.init2.js

Request for /js/RSA.init1.js received.
About to route a request for /js/
Getting file:/home/andreas/PGP-Chat/PGP-Chat-Server/chat/js/RSA.init1.js

Request for /js/RSA.init2.js received.
About to route a request for /js/
Getting file:/home/andreas/PGP-Chat/PGP-Chat-Server/chat/js/RSA.init2.js

Request for /js/Cipher.js received.
About to route a request for /js/
Getting file:/home/andreas/PGP-Chat/PGP-Chat-Server/chat/js/Cipher.js

Request for /js/SOAEP.js received.
About to route a request for /js/
Getting file:/home/andreas/PGP-Chat/PGP-Chat-Server/chat/js/SOAEP.js

Request for /js/BitPadding.js received.
About to route a request for /js/
Getting file:/home/andreas/PGP-Chat/PGP-Chat-Server/chat/js/BitPadding.js

Request for /js/RSAKeyFormat.js received.
About to route a request for /js/
Getting file:/home/andreas/PGP-Chat/PGP-Chat-Server/chat/js/RSAKeyFormat.js

Request for /js/RSAMessageFormat.js received.
About to route a request for /js/
Getting file:/home/andreas/PGP-Chat/PGP-Chat-Server/chat/js/RSAMessageFormat.js

Request for /js/RSAMessageFormatSOAEP.js received.
About to route a request for /js/
Getting file:/home/andreas/PGP-Chat/PGP-Chat-Server/chat/js/RSAMessageFormatSOAEP.js

Request for /js/RSAMessageFormatSOAEP_DIRECT.js received.
About to route a request for /js/
Getting file:/home/andreas/PGP-Chat/PGP-Chat-Server/chat/js/RSAMessageFormatSOAEP_DIRECT.js

Request for /js/RSAMessageFormatBitPadding.js received.
About to route a request for /js/
Getting file:/home/andreas/PGP-Chat/PGP-Chat-Server/chat/js/RSAMessageFormatBitPadding.js

Request for /js/sjcl.js received.
About to route a request for /js/
Getting file:/home/andreas/PGP-Chat/PGP-Chat-Server/chat/js/sjcl.js

Joined: undefined Client-ID: CplUXJF1BJeNyhvYUi2T
Request for /favicon.ico received.
About to route a request for /
Getting file:/home/andreas/PGP-Chat/PGP-Chat-Server/chat/html/favicon.ico

Getting file:/home/andreas/PGP-Chat/PGP-Chat-Server/chat/html/index.html

Loginversuch: Username: mike Password: mikemike clientID: CplUXJF1BJeNyhvYUi2T
Error in select_query: SELECT Messages.Number, users.name as Author, Messages.message_body as Message_body FROM Messages, users WHERE Messages.receiver = 8 AND Messages.author = users.number ORDER BY Messages.Number ASC
Error: null
Request for /favicon.ico received.
About to route a request for /
Getting file:/home/andreas/PGP-Chat/PGP-Chat-Server/chat/html/favicon.ico

Getting file:/home/andreas/PGP-Chat/PGP-Chat-Server/chat/html/index.html

Request for /favicon.ico received.
About to route a request for /
Getting file:/home/andreas/PGP-Chat/PGP-Chat-Server/chat/html/favicon.ico

Getting file:/home/andreas/PGP-Chat/PGP-Chat-Server/chat/html/index.html

Request for /favicon.ico received.
About to route a request for /
Getting file:/home/andreas/PGP-Chat/PGP-Chat-Server/chat/html/favicon.ico

Getting file:/home/andreas/PGP-Chat/PGP-Chat-Server/chat/html/index.html

Request for /favicon.ico received.
About to route a request for /
Getting file:/home/andreas/PGP-Chat/PGP-Chat-Server/chat/html/favicon.ico

Getting file:/home/andreas/PGP-Chat/PGP-Chat-Server/chat/html/index.html

Request for /favicon.ico received.
About to route a request for /
Getting file:/home/andreas/PGP-Chat/PGP-Chat-Server/chat/html/favicon.ico

Getting file:/home/andreas/PGP-Chat/PGP-Chat-Server/chat/html/index.html

Request for /favicon.ico received.
About to route a request for /
Getting file:/home/andreas/PGP-Chat/PGP-Chat-Server/chat/html/favicon.ico

Getting file:/home/andreas/PGP-Chat/PGP-Chat-Server/chat/html/index.html

Request for /favicon.ico received.
About to route a request for /
Getting file:/home/andreas/PGP-Chat/PGP-Chat-Server/chat/html/favicon.ico

Getting file:/home/andreas/PGP-Chat/PGP-Chat-Server/chat/html/index.html

Request for /favicon.ico received.
About to route a request for /
Getting file:/home/andreas/PGP-Chat/PGP-Chat-Server/chat/html/favicon.ico

Getting file:/home/andreas/PGP-Chat/PGP-Chat-Server/chat/html/index.html

Error in select_query: SELECT Messages.Number, users.name as Author, Messages.message_body as Message_body FROM Messages, users WHERE Messages.receiver = 8 AND Messages.author = users.number ORDER BY Messages.Number ASC
Error: null
Error in select_query: SELECT Messages.Number, users.name as Author, Messages.message_body as Message_body FROM Messages, users WHERE Messages.receiver = 8 AND Messages.author = users.number ORDER BY Messages.Number ASC
Error: null
Error in select_query: SELECT Messages.Number, users.name as Author, Messages.message_body as Message_body FROM Messages, users WHERE Messages.receiver = 8 AND Messages.author = users.number ORDER BY Messages.Number ASC
Error: null
Error in select_query: SELECT Messages.Number, users.name as Author, Messages.message_body as Message_body FROM Messages, users WHERE Messages.receiver = 8 AND Messages.author = users.number ORDER BY Messages.Number ASC
Error: null
Left: mike
Request for / received.
About to route a request for /
Getting file:/home/andreas/PGP-Chat/PGP-Chat-Server/chat/html/

Getting file:/home/andreas/PGP-Chat/PGP-Chat-Server/chat/html/index.html

Request for /js/jquery-1.7.1.min.js received.
About to route a request for /js/
Getting file:/home/andreas/PGP-Chat/PGP-Chat-Server/chat/js/jquery-1.7.1.min.js

Request for /js/packages.js received.
About to route a request for /js/
Getting file:/home/andreas/PGP-Chat/PGP-Chat-Server/chat/js/packages.js

Request for /js/isarray.js received.
About to route a request for /js/
Getting file:/home/andreas/PGP-Chat/PGP-Chat-Server/chat/js/isarray.js

Request for /js/elapse.js received.
About to route a request for /js/
Getting file:/home/andreas/PGP-Chat/PGP-Chat-Server/chat/js/elapse.js

Request for /js/binary.js received.
About to route a request for /js/
Getting file:/home/andreas/PGP-Chat/PGP-Chat-Server/chat/js/binary.js

Request for /js/SecureRandom.js received.
About to route a request for /js/
Getting file:/home/andreas/PGP-Chat/PGP-Chat-Server/chat/js/SecureRandom.js

Request for /js/BigInteger.init1.js received.
About to route a request for /js/
Getting file:/home/andreas/PGP-Chat/PGP-Chat-Server/chat/js/BigInteger.init1.js

Request for /js/BigInteger.init2.js received.
About to route a request for /js/
Getting file:/home/andreas/PGP-Chat/PGP-Chat-Server/chat/js/BigInteger.init2.js

Request for /js/RSA.init1.js received.
About to route a request for /js/
Getting file:/home/andreas/PGP-Chat/PGP-Chat-Server/chat/js/RSA.init1.js

Request for /js/RSA.init2.js received.
About to route a request for /js/
Getting file:/home/andreas/PGP-Chat/PGP-Chat-Server/chat/js/RSA.init2.js

Request for /js/Cipher.js received.
About to route a request for /js/
Getting file:/home/andreas/PGP-Chat/PGP-Chat-Server/chat/js/Cipher.js

Request for /js/SOAEP.js received.
About to route a request for /js/
Getting file:/home/andreas/PGP-Chat/PGP-Chat-Server/chat/js/SOAEP.js

Request for /js/BitPadding.js received.
About to route a request for /js/
Getting file:/home/andreas/PGP-Chat/PGP-Chat-Server/chat/js/BitPadding.js

Request for /js/RSAMessageFormat.js received.
About to route a request for /js/
Getting file:/home/andreas/PGP-Chat/PGP-Chat-Server/chat/js/RSAMessageFormat.js

Request for /js/RSAKeyFormat.js received.
About to route a request for /js/
Getting file:/home/andreas/PGP-Chat/PGP-Chat-Server/chat/js/RSAKeyFormat.js

Request for /js/RSAMessageFormatSOAEP.js received.
About to route a request for /js/
Getting file:/home/andreas/PGP-Chat/PGP-Chat-Server/chat/js/RSAMessageFormatSOAEP.js

Request for /js/RSAMessageFormatSOAEP_DIRECT.js received.
About to route a request for /js/
Getting file:/home/andreas/PGP-Chat/PGP-Chat-Server/chat/js/RSAMessageFormatSOAEP_DIRECT.js

Request for /js/RSAMessageFormatBitPadding.js received.
About to route a request for /js/
Getting file:/home/andreas/PGP-Chat/PGP-Chat-Server/chat/js/RSAMessageFormatBitPadding.js

Request for /js/sjcl.js received.
About to route a request for /js/
Getting file:/home/andreas/PGP-Chat/PGP-Chat-Server/chat/js/sjcl.js

Joined: undefined Client-ID: tnNzAiAGSKld4Y74Ui2U
Loginversuch: Username: Andreas S. Password: andreas clientID: tnNzAiAGSKld4Y74Ui2U
Left: Andreas S.
Joined: Andreas S. Client-ID: Dm4SnELTRm1tAFWRUi2V
Left: Andreas S.
Joined: Andreas S. Client-ID: IZHbANbb1LIW6L06Ui2W
Left: Andreas S.
Joined: Andreas S. Client-ID: M6fvnxz1ll5QBD8qUi2X
Left: Andreas S.
Request for /favicon.ico received.
About to route a request for /
Getting file:/home/andreas/PGP-Chat/PGP-Chat-Server/chat/html/favicon.ico

Getting file:/home/andreas/PGP-Chat/PGP-Chat-Server/chat/html/index.html

Joined: undefined Client-ID: _XS0KS8q-mrjhfuGUi2Y
Left: undefined
Request for /favicon.ico received.
About to route a request for /
Getting file:/home/andreas/PGP-Chat/PGP-Chat-Server/chat/html/favicon.ico

Getting file:/home/andreas/PGP-Chat/PGP-Chat-Server/chat/html/index.html

Joined: undefined Client-ID: ITU9EF1XPLah0UJ1Ui2Z
Left: undefined
Joined: undefined Client-ID: fCSE6JgGMa5GLAI2Ui2a
Left: undefined
Joined: undefined Client-ID: 8xymCl9iB2F3O8f-Ui2b
Left: undefined
Request for / received.
About to route a request for /
Getting file:/home/andreas/PGP-Chat/PGP-Chat-Server/chat/html/

Getting file:/home/andreas/PGP-Chat/PGP-Chat-Server/chat/html/index.html

Request for /js/jquery-1.7.1.min.js received.
About to route a request for /js/
Getting file:/home/andreas/PGP-Chat/PGP-Chat-Server/chat/js/jquery-1.7.1.min.js

Request for /js/elapse.js received.
About to route a request for /js/
Getting file:/home/andreas/PGP-Chat/PGP-Chat-Server/chat/js/elapse.js

Request for /js/packages.js received.
About to route a request for /js/
Getting file:/home/andreas/PGP-Chat/PGP-Chat-Server/chat/js/packages.js

Request for /js/isarray.js received.
About to route a request for /js/
Getting file:/home/andreas/PGP-Chat/PGP-Chat-Server/chat/js/isarray.js

Request for /js/binary.js received.
About to route a request for /js/
Getting file:/home/andreas/PGP-Chat/PGP-Chat-Server/chat/js/binary.js

Request for /js/SecureRandom.js received.
About to route a request for /js/
Getting file:/home/andreas/PGP-Chat/PGP-Chat-Server/chat/js/SecureRandom.js

Request for /js/BigInteger.init1.js received.
About to route a request for /js/
Getting file:/home/andreas/PGP-Chat/PGP-Chat-Server/chat/js/BigInteger.init1.js

Request for /js/BigInteger.init2.js received.
About to route a request for /js/
Getting file:/home/andreas/PGP-Chat/PGP-Chat-Server/chat/js/BigInteger.init2.js

Request for /js/RSA.init1.js received.
About to route a request for /js/
Getting file:/home/andreas/PGP-Chat/PGP-Chat-Server/chat/js/RSA.init1.js

Request for /js/RSA.init2.js received.
About to route a request for /js/
Getting file:/home/andreas/PGP-Chat/PGP-Chat-Server/chat/js/RSA.init2.js

Request for /js/Cipher.js received.
About to route a request for /js/
Getting file:/home/andreas/PGP-Chat/PGP-Chat-Server/chat/js/Cipher.js

Request for /js/SOAEP.js received.
About to route a request for /js/
Getting file:/home/andreas/PGP-Chat/PGP-Chat-Server/chat/js/SOAEP.js

Request for /js/BitPadding.js received.
About to route a request for /js/
Getting file:/home/andreas/PGP-Chat/PGP-Chat-Server/chat/js/BitPadding.js

Request for /js/RSAMessageFormat.js received.
About to route a request for /js/
Getting file:/home/andreas/PGP-Chat/PGP-Chat-Server/chat/js/RSAMessageFormat.js

Request for /js/RSAKeyFormat.js received.
About to route a request for /js/
Getting file:/home/andreas/PGP-Chat/PGP-Chat-Server/chat/js/RSAKeyFormat.js

Request for /js/RSAMessageFormatSOAEP.js received.
About to route a request for /js/
Getting file:/home/andreas/PGP-Chat/PGP-Chat-Server/chat/js/RSAMessageFormatSOAEP.js

Request for /js/RSAMessageFormatSOAEP_DIRECT.js received.
About to route a request for /js/
Getting file:/home/andreas/PGP-Chat/PGP-Chat-Server/chat/js/RSAMessageFormatSOAEP_DIRECT.js

Request for /js/RSAMessageFormatBitPadding.js received.
About to route a request for /js/
Getting file:/home/andreas/PGP-Chat/PGP-Chat-Server/chat/js/RSAMessageFormatBitPadding.js

Request for /js/sjcl.js received.
About to route a request for /js/
Getting file:/home/andreas/PGP-Chat/PGP-Chat-Server/chat/js/sjcl.js

Joined: undefined Client-ID: VsRvp8p1K2PnvEjzUi2c
Left: undefined
Joined: undefined Client-ID: ukMb1128rZ6aEDarUi2d
Left: undefined
Joined: undefined Client-ID: -ZCneTVbjGRuEOdIUi2e
Request for / received.
About to route a request for /
Getting file:/home/andreas/PGP-Chat/PGP-Chat-Server/chat/html/

Getting file:/home/andreas/PGP-Chat/PGP-Chat-Server/chat/html/index.html

Request for /js/jquery-1.7.1.min.js received.
About to route a request for /js/
Getting file:/home/andreas/PGP-Chat/PGP-Chat-Server/chat/js/jquery-1.7.1.min.js

Request for /js/isarray.js received.
About to route a request for /js/
Getting file:/home/andreas/PGP-Chat/PGP-Chat-Server/chat/js/isarray.js

Request for /js/packages.js received.
About to route a request for /js/
Getting file:/home/andreas/PGP-Chat/PGP-Chat-Server/chat/js/packages.js

Request for /js/elapse.js received.
About to route a request for /js/
Getting file:/home/andreas/PGP-Chat/PGP-Chat-Server/chat/js/elapse.js

Request for /js/binary.js received.
About to route a request for /js/
Getting file:/home/andreas/PGP-Chat/PGP-Chat-Server/chat/js/binary.js

Request for /js/SecureRandom.js received.
About to route a request for /js/
Getting file:/home/andreas/PGP-Chat/PGP-Chat-Server/chat/js/SecureRandom.js

Request for /js/BigInteger.init1.js received.
About to route a request for /js/
Getting file:/home/andreas/PGP-Chat/PGP-Chat-Server/chat/js/BigInteger.init1.js

Request for /js/BigInteger.init2.js received.
About to route a request for /js/
Getting file:/home/andreas/PGP-Chat/PGP-Chat-Server/chat/js/BigInteger.init2.js

Request for /js/Cipher.js received.
About to route a request for /js/
Getting file:/home/andreas/PGP-Chat/PGP-Chat-Server/chat/js/Cipher.js

Request for /js/RSA.init2.js received.
About to route a request for /js/
Getting file:/home/andreas/PGP-Chat/PGP-Chat-Server/chat/js/RSA.init2.js

Request for /js/RSA.init1.js received.
About to route a request for /js/
Getting file:/home/andreas/PGP-Chat/PGP-Chat-Server/chat/js/RSA.init1.js

Request for /js/SOAEP.js received.
About to route a request for /js/
Getting file:/home/andreas/PGP-Chat/PGP-Chat-Server/chat/js/SOAEP.js

Request for /js/BitPadding.js received.
About to route a request for /js/
Getting file:/home/andreas/PGP-Chat/PGP-Chat-Server/chat/js/BitPadding.js

Request for /js/RSAKeyFormat.js received.
About to route a request for /js/
Getting file:/home/andreas/PGP-Chat/PGP-Chat-Server/chat/js/RSAKeyFormat.js

Request for /js/RSAMessageFormat.js received.
About to route a request for /js/
Getting file:/home/andreas/PGP-Chat/PGP-Chat-Server/chat/js/RSAMessageFormat.js

Request for /js/RSAMessageFormatSOAEP.js received.
About to route a request for /js/
Getting file:/home/andreas/PGP-Chat/PGP-Chat-Server/chat/js/RSAMessageFormatSOAEP.js

Request for /js/RSAMessageFormatSOAEP_DIRECT.js received.
About to route a request for /js/
Getting file:/home/andreas/PGP-Chat/PGP-Chat-Server/chat/js/RSAMessageFormatSOAEP_DIRECT.js

Request for /js/RSAMessageFormatBitPadding.js received.
About to route a request for /js/
Getting file:/home/andreas/PGP-Chat/PGP-Chat-Server/chat/js/RSAMessageFormatBitPadding.js

Request for /js/sjcl.js received.
About to route a request for /js/
Getting file:/home/andreas/PGP-Chat/PGP-Chat-Server/chat/js/sjcl.js

Joined: undefined Client-ID: E9ZUelShCN9eQow1Ui2f
Loginversuch: Username: Andreas S. Password: andreas clientID: E9ZUelShCN9eQow1Ui2f
